Spark Command: /Library/Internet Plug-Ins/JavaAppletPlugin.plugin/Contents/Home/bin/java -cp /opt/homebrew/Cellar/apache-spark/3.5.0/libexec/conf/:/opt/homebrew/Cellar/apache-spark/3.5.0/libexec/jars/* -Xmx1g org.apache.spark.deploy.worker.Worker --webui-port 8081 spark://localhost:7077
========================================
Using Spark's default log4j profile: org/apache/spark/log4j2-defaults.properties
24/05/23 04:35:53 INFO Worker: Started daemon with process name: 84096@Aarons-MBP-2
24/05/23 04:35:53 INFO SignalUtils: Registering signal handler for TERM
24/05/23 04:35:53 INFO SignalUtils: Registering signal handler for HUP
24/05/23 04:35:53 INFO SignalUtils: Registering signal handler for INT
24/05/23 04:35:54 WARN NativeCodeLoader: Unable to load native-hadoop library for your platform... using builtin-java classes where applicable
24/05/23 04:35:54 INFO SecurityManager: Changing view acls to: aaronmackenzie
24/05/23 04:35:54 INFO SecurityManager: Changing modify acls to: aaronmackenzie
24/05/23 04:35:54 INFO SecurityManager: Changing view acls groups to: 
24/05/23 04:35:54 INFO SecurityManager: Changing modify acls groups to: 
24/05/23 04:35:54 INFO SecurityManager: SecurityManager: authentication disabled; ui acls disabled; users with view permissions: aaronmackenzie; groups with view permissions: EMPTY; users with modify permissions: aaronmackenzie; groups with modify permissions: EMPTY
24/05/23 04:35:54 INFO Utils: Successfully started service 'sparkWorker' on port 55785.
24/05/23 04:35:54 INFO Worker: Worker decommissioning not enabled.
24/05/23 04:35:54 INFO Worker: Starting Spark worker 192.168.1.105:55785 with 8 cores, 7.0 GiB RAM
24/05/23 04:35:54 INFO Worker: Running Spark version 3.5.0
24/05/23 04:35:54 INFO Worker: Spark home: /opt/homebrew/Cellar/apache-spark/3.5.0/libexec
24/05/23 04:35:54 INFO ResourceUtils: ==============================================================
24/05/23 04:35:54 INFO ResourceUtils: No custom resources configured for spark.worker.
24/05/23 04:35:54 INFO ResourceUtils: ==============================================================
24/05/23 04:35:54 INFO JettyUtils: Start Jetty 0.0.0.0:8081 for WorkerUI
24/05/23 04:35:54 INFO Utils: Successfully started service 'WorkerUI' on port 8081.
24/05/23 04:35:55 INFO WorkerWebUI: Bound WorkerWebUI to 0.0.0.0, and started at http://aarons-mbp-2:8081
24/05/23 04:35:55 INFO Worker: Connecting to master localhost:7077...
24/05/23 04:35:55 INFO TransportClientFactory: Successfully created connection to localhost/127.0.0.1:7077 after 37 ms (0 ms spent in bootstraps)
24/05/23 04:35:55 INFO Worker: Successfully registered with master spark://localhost:7077
24/05/23 04:36:06 INFO Worker: Asked to launch executor app-20240523043606-0000/0 for PSO with Spark
24/05/23 04:36:06 INFO SecurityManager: Changing view acls to: aaronmackenzie
24/05/23 04:36:06 INFO SecurityManager: Changing modify acls to: aaronmackenzie
24/05/23 04:36:06 INFO SecurityManager: Changing view acls groups to: 
24/05/23 04:36:06 INFO SecurityManager: Changing modify acls groups to: 
24/05/23 04:36:06 INFO SecurityManager: SecurityManager: authentication disabled; ui acls disabled; users with view permissions: aaronmackenzie; groups with view permissions: EMPTY; users with modify permissions: aaronmackenzie; groups with modify permissions: EMPTY
24/05/23 04:36:06 INFO ExecutorRunner: Launch command: "/Library/Internet Plug-Ins/JavaAppletPlugin.plugin/Contents/Home/bin/java" "-cp" "/opt/homebrew/Cellar/apache-spark/3.5.0/libexec/conf/:/opt/homebrew/Cellar/apache-spark/3.5.0/libexec/jars/*" "-Xmx1024M" "-Dspark.driver.port=55790" "-Djava.net.preferIPv6Addresses=false" "-XX:+IgnoreUnrecognizedVMOptions" "--add-opens=java.base/java.lang=ALL-UNNAMED" "--add-opens=java.base/java.lang.invoke=ALL-UNNAMED" "--add-opens=java.base/java.lang.reflect=ALL-UNNAMED" "--add-opens=java.base/java.io=ALL-UNNAMED" "--add-opens=java.base/java.net=ALL-UNNAMED" "--add-opens=java.base/java.nio=ALL-UNNAMED" "--add-opens=java.base/java.util=ALL-UNNAMED" "--add-opens=java.base/java.util.concurrent=ALL-UNNAMED" "--add-opens=java.base/java.util.concurrent.atomic=ALL-UNNAMED" "--add-opens=java.base/sun.nio.ch=ALL-UNNAMED" "--add-opens=java.base/sun.nio.cs=ALL-UNNAMED" "--add-opens=java.base/sun.security.action=ALL-UNNAMED" "--add-opens=java.base/sun.util.calendar=ALL-UNNAMED" "--add-opens=java.security.jgss/sun.security.krb5=ALL-UNNAMED" "-Djdk.reflect.useDirectMethodHandle=false" "org.apache.spark.executor.CoarseGrainedExecutorBackend" "--driver-url" "spark://CoarseGrainedScheduler@aarons-mbp-2:55790" "--executor-id" "0" "--hostname" "192.168.1.105" "--cores" "8" "--app-id" "app-20240523043606-0000" "--worker-url" "spark://Worker@192.168.1.105:55785" "--resourceProfileId" "0"
24/05/23 04:36:19 INFO Worker: Asked to kill executor app-20240523043606-0000/0
24/05/23 04:36:19 INFO ExecutorRunner: Runner thread for executor app-20240523043606-0000/0 interrupted
24/05/23 04:36:19 INFO ExecutorRunner: Killing process!
24/05/23 04:36:19 INFO Worker: Executor app-20240523043606-0000/0 finished with state KILLED exitStatus 0
24/05/23 04:36:19 INFO ExternalShuffleBlockResolver: Clean up non-shuffle and non-RDD files associated with the finished executor 0
24/05/23 04:36:19 INFO ExternalShuffleBlockResolver: Executor is not registered (appId=app-20240523043606-0000, execId=0)
24/05/23 04:36:19 INFO ExternalShuffleBlockResolver: Application app-20240523043606-0000 removed, cleanupLocalDirs = true
24/05/23 04:36:19 INFO Worker: Cleaning up local directories for application app-20240523043606-0000
24/05/23 04:37:15 INFO Worker: Asked to launch executor app-20240523043715-0001/0 for PSO with Spark
24/05/23 04:37:15 INFO SecurityManager: Changing view acls to: aaronmackenzie
24/05/23 04:37:15 INFO SecurityManager: Changing modify acls to: aaronmackenzie
24/05/23 04:37:15 INFO SecurityManager: Changing view acls groups to: 
24/05/23 04:37:15 INFO SecurityManager: Changing modify acls groups to: 
24/05/23 04:37:15 INFO SecurityManager: SecurityManager: authentication disabled; ui acls disabled; users with view permissions: aaronmackenzie; groups with view permissions: EMPTY; users with modify permissions: aaronmackenzie; groups with modify permissions: EMPTY
24/05/23 04:37:15 INFO ExecutorRunner: Launch command: "/Library/Internet Plug-Ins/JavaAppletPlugin.plugin/Contents/Home/bin/java" "-cp" "/opt/homebrew/Cellar/apache-spark/3.5.0/libexec/conf/:/opt/homebrew/Cellar/apache-spark/3.5.0/libexec/jars/*" "-Xmx1024M" "-Dspark.driver.port=55816" "-Djava.net.preferIPv6Addresses=false" "-XX:+IgnoreUnrecognizedVMOptions" "--add-opens=java.base/java.lang=ALL-UNNAMED" "--add-opens=java.base/java.lang.invoke=ALL-UNNAMED" "--add-opens=java.base/java.lang.reflect=ALL-UNNAMED" "--add-opens=java.base/java.io=ALL-UNNAMED" "--add-opens=java.base/java.net=ALL-UNNAMED" "--add-opens=java.base/java.nio=ALL-UNNAMED" "--add-opens=java.base/java.util=ALL-UNNAMED" "--add-opens=java.base/java.util.concurrent=ALL-UNNAMED" "--add-opens=java.base/java.util.concurrent.atomic=ALL-UNNAMED" "--add-opens=java.base/sun.nio.ch=ALL-UNNAMED" "--add-opens=java.base/sun.nio.cs=ALL-UNNAMED" "--add-opens=java.base/sun.security.action=ALL-UNNAMED" "--add-opens=java.base/sun.util.calendar=ALL-UNNAMED" "--add-opens=java.security.jgss/sun.security.krb5=ALL-UNNAMED" "-Djdk.reflect.useDirectMethodHandle=false" "org.apache.spark.executor.CoarseGrainedExecutorBackend" "--driver-url" "spark://CoarseGrainedScheduler@aarons-mbp-2:55816" "--executor-id" "0" "--hostname" "192.168.1.105" "--cores" "8" "--app-id" "app-20240523043715-0001" "--worker-url" "spark://Worker@192.168.1.105:55785" "--resourceProfileId" "0"
24/05/23 04:37:28 INFO Worker: Asked to kill executor app-20240523043715-0001/0
24/05/23 04:37:28 INFO ExecutorRunner: Runner thread for executor app-20240523043715-0001/0 interrupted
24/05/23 04:37:28 INFO ExecutorRunner: Killing process!
24/05/23 04:37:28 INFO Worker: Executor app-20240523043715-0001/0 finished with state KILLED exitStatus 143
24/05/23 04:37:28 INFO ExternalShuffleBlockResolver: Clean up non-shuffle and non-RDD files associated with the finished executor 0
24/05/23 04:37:28 INFO ExternalShuffleBlockResolver: Executor is not registered (appId=app-20240523043715-0001, execId=0)
24/05/23 04:37:28 INFO ExternalShuffleBlockResolver: Application app-20240523043715-0001 removed, cleanupLocalDirs = true
24/05/23 04:37:28 INFO Worker: Cleaning up local directories for application app-20240523043715-0001
24/05/23 04:39:29 INFO Worker: Asked to launch executor app-20240523043929-0002/0 for PSO with Spark
24/05/23 04:39:29 INFO SecurityManager: Changing view acls to: aaronmackenzie
24/05/23 04:39:29 INFO SecurityManager: Changing modify acls to: aaronmackenzie
24/05/23 04:39:29 INFO SecurityManager: Changing view acls groups to: 
24/05/23 04:39:29 INFO SecurityManager: Changing modify acls groups to: 
24/05/23 04:39:29 INFO SecurityManager: SecurityManager: authentication disabled; ui acls disabled; users with view permissions: aaronmackenzie; groups with view permissions: EMPTY; users with modify permissions: aaronmackenzie; groups with modify permissions: EMPTY
24/05/23 04:39:29 INFO ExecutorRunner: Launch command: "/Library/Internet Plug-Ins/JavaAppletPlugin.plugin/Contents/Home/bin/java" "-cp" "/opt/homebrew/Cellar/apache-spark/3.5.0/libexec/conf/:/opt/homebrew/Cellar/apache-spark/3.5.0/libexec/jars/*" "-Xmx1024M" "-Dspark.driver.port=55847" "-Djava.net.preferIPv6Addresses=false" "-XX:+IgnoreUnrecognizedVMOptions" "--add-opens=java.base/java.lang=ALL-UNNAMED" "--add-opens=java.base/java.lang.invoke=ALL-UNNAMED" "--add-opens=java.base/java.lang.reflect=ALL-UNNAMED" "--add-opens=java.base/java.io=ALL-UNNAMED" "--add-opens=java.base/java.net=ALL-UNNAMED" "--add-opens=java.base/java.nio=ALL-UNNAMED" "--add-opens=java.base/java.util=ALL-UNNAMED" "--add-opens=java.base/java.util.concurrent=ALL-UNNAMED" "--add-opens=java.base/java.util.concurrent.atomic=ALL-UNNAMED" "--add-opens=java.base/sun.nio.ch=ALL-UNNAMED" "--add-opens=java.base/sun.nio.cs=ALL-UNNAMED" "--add-opens=java.base/sun.security.action=ALL-UNNAMED" "--add-opens=java.base/sun.util.calendar=ALL-UNNAMED" "--add-opens=java.security.jgss/sun.security.krb5=ALL-UNNAMED" "-Djdk.reflect.useDirectMethodHandle=false" "org.apache.spark.executor.CoarseGrainedExecutorBackend" "--driver-url" "spark://CoarseGrainedScheduler@aarons-mbp-2:55847" "--executor-id" "0" "--hostname" "192.168.1.105" "--cores" "8" "--app-id" "app-20240523043929-0002" "--worker-url" "spark://Worker@192.168.1.105:55785" "--resourceProfileId" "0"
24/05/23 04:39:40 INFO Worker: Asked to kill executor app-20240523043929-0002/0
24/05/23 04:39:40 INFO ExecutorRunner: Runner thread for executor app-20240523043929-0002/0 interrupted
24/05/23 04:39:40 INFO ExecutorRunner: Killing process!
24/05/23 04:39:40 INFO Worker: Executor app-20240523043929-0002/0 finished with state KILLED exitStatus 143
24/05/23 04:39:40 INFO ExternalShuffleBlockResolver: Clean up non-shuffle and non-RDD files associated with the finished executor 0
24/05/23 04:39:40 INFO ExternalShuffleBlockResolver: Executor is not registered (appId=app-20240523043929-0002, execId=0)
24/05/23 04:39:40 INFO ExternalShuffleBlockResolver: Application app-20240523043929-0002 removed, cleanupLocalDirs = true
24/05/23 04:39:40 INFO Worker: Cleaning up local directories for application app-20240523043929-0002
24/05/23 04:40:43 INFO Worker: Asked to launch executor app-20240523044043-0003/0 for PSO with Spark
24/05/23 04:40:43 INFO SecurityManager: Changing view acls to: aaronmackenzie
24/05/23 04:40:43 INFO SecurityManager: Changing modify acls to: aaronmackenzie
24/05/23 04:40:43 INFO SecurityManager: Changing view acls groups to: 
24/05/23 04:40:43 INFO SecurityManager: Changing modify acls groups to: 
24/05/23 04:40:43 INFO SecurityManager: SecurityManager: authentication disabled; ui acls disabled; users with view permissions: aaronmackenzie; groups with view permissions: EMPTY; users with modify permissions: aaronmackenzie; groups with modify permissions: EMPTY
24/05/23 04:40:44 INFO ExecutorRunner: Launch command: "/Library/Internet Plug-Ins/JavaAppletPlugin.plugin/Contents/Home/bin/java" "-cp" "/opt/homebrew/Cellar/apache-spark/3.5.0/libexec/conf/:/opt/homebrew/Cellar/apache-spark/3.5.0/libexec/jars/*" "-Xmx1024M" "-Dspark.driver.port=55863" "-Djava.net.preferIPv6Addresses=false" "-XX:+IgnoreUnrecognizedVMOptions" "--add-opens=java.base/java.lang=ALL-UNNAMED" "--add-opens=java.base/java.lang.invoke=ALL-UNNAMED" "--add-opens=java.base/java.lang.reflect=ALL-UNNAMED" "--add-opens=java.base/java.io=ALL-UNNAMED" "--add-opens=java.base/java.net=ALL-UNNAMED" "--add-opens=java.base/java.nio=ALL-UNNAMED" "--add-opens=java.base/java.util=ALL-UNNAMED" "--add-opens=java.base/java.util.concurrent=ALL-UNNAMED" "--add-opens=java.base/java.util.concurrent.atomic=ALL-UNNAMED" "--add-opens=java.base/sun.nio.ch=ALL-UNNAMED" "--add-opens=java.base/sun.nio.cs=ALL-UNNAMED" "--add-opens=java.base/sun.security.action=ALL-UNNAMED" "--add-opens=java.base/sun.util.calendar=ALL-UNNAMED" "--add-opens=java.security.jgss/sun.security.krb5=ALL-UNNAMED" "-Djdk.reflect.useDirectMethodHandle=false" "org.apache.spark.executor.CoarseGrainedExecutorBackend" "--driver-url" "spark://CoarseGrainedScheduler@aarons-mbp-2:55863" "--executor-id" "0" "--hostname" "192.168.1.105" "--cores" "8" "--app-id" "app-20240523044043-0003" "--worker-url" "spark://Worker@192.168.1.105:55785" "--resourceProfileId" "0"
24/05/23 04:40:57 INFO Worker: Asked to kill executor app-20240523044043-0003/0
24/05/23 04:40:57 INFO ExecutorRunner: Runner thread for executor app-20240523044043-0003/0 interrupted
24/05/23 04:40:57 INFO ExecutorRunner: Killing process!
24/05/23 04:40:58 INFO Worker: Executor app-20240523044043-0003/0 finished with state KILLED exitStatus 143
24/05/23 04:40:58 INFO ExternalShuffleBlockResolver: Clean up non-shuffle and non-RDD files associated with the finished executor 0
24/05/23 04:40:58 INFO ExternalShuffleBlockResolver: Executor is not registered (appId=app-20240523044043-0003, execId=0)
24/05/23 04:40:58 INFO Worker: Cleaning up local directories for application app-20240523044043-0003
24/05/23 04:40:58 INFO ExternalShuffleBlockResolver: Application app-20240523044043-0003 removed, cleanupLocalDirs = true
24/05/23 04:43:52 INFO Worker: Asked to launch executor app-20240523044352-0004/0 for PSO with Spark
24/05/23 04:43:52 INFO SecurityManager: Changing view acls to: aaronmackenzie
24/05/23 04:43:52 INFO SecurityManager: Changing modify acls to: aaronmackenzie
24/05/23 04:43:52 INFO SecurityManager: Changing view acls groups to: 
24/05/23 04:43:52 INFO SecurityManager: Changing modify acls groups to: 
24/05/23 04:43:52 INFO SecurityManager: SecurityManager: authentication disabled; ui acls disabled; users with view permissions: aaronmackenzie; groups with view permissions: EMPTY; users with modify permissions: aaronmackenzie; groups with modify permissions: EMPTY
24/05/23 04:43:52 INFO ExecutorRunner: Launch command: "/Library/Internet Plug-Ins/JavaAppletPlugin.plugin/Contents/Home/bin/java" "-cp" "/opt/homebrew/Cellar/apache-spark/3.5.0/libexec/conf/:/opt/homebrew/Cellar/apache-spark/3.5.0/libexec/jars/*" "-Xmx1024M" "-Dspark.driver.port=55900" "-Djava.net.preferIPv6Addresses=false" "-XX:+IgnoreUnrecognizedVMOptions" "--add-opens=java.base/java.lang=ALL-UNNAMED" "--add-opens=java.base/java.lang.invoke=ALL-UNNAMED" "--add-opens=java.base/java.lang.reflect=ALL-UNNAMED" "--add-opens=java.base/java.io=ALL-UNNAMED" "--add-opens=java.base/java.net=ALL-UNNAMED" "--add-opens=java.base/java.nio=ALL-UNNAMED" "--add-opens=java.base/java.util=ALL-UNNAMED" "--add-opens=java.base/java.util.concurrent=ALL-UNNAMED" "--add-opens=java.base/java.util.concurrent.atomic=ALL-UNNAMED" "--add-opens=java.base/sun.nio.ch=ALL-UNNAMED" "--add-opens=java.base/sun.nio.cs=ALL-UNNAMED" "--add-opens=java.base/sun.security.action=ALL-UNNAMED" "--add-opens=java.base/sun.util.calendar=ALL-UNNAMED" "--add-opens=java.security.jgss/sun.security.krb5=ALL-UNNAMED" "-Djdk.reflect.useDirectMethodHandle=false" "org.apache.spark.executor.CoarseGrainedExecutorBackend" "--driver-url" "spark://CoarseGrainedScheduler@aarons-mbp-2:55900" "--executor-id" "0" "--hostname" "192.168.1.105" "--cores" "8" "--app-id" "app-20240523044352-0004" "--worker-url" "spark://Worker@192.168.1.105:55785" "--resourceProfileId" "0"
24/05/23 04:44:05 INFO Worker: Asked to kill executor app-20240523044352-0004/0
24/05/23 04:44:05 INFO ExecutorRunner: Runner thread for executor app-20240523044352-0004/0 interrupted
24/05/23 04:44:05 INFO ExecutorRunner: Killing process!
24/05/23 04:44:06 INFO Worker: Executor app-20240523044352-0004/0 finished with state KILLED exitStatus 143
24/05/23 04:44:06 INFO ExternalShuffleBlockResolver: Clean up non-shuffle and non-RDD files associated with the finished executor 0
24/05/23 04:44:06 INFO ExternalShuffleBlockResolver: Executor is not registered (appId=app-20240523044352-0004, execId=0)
24/05/23 04:44:06 INFO ExternalShuffleBlockResolver: Application app-20240523044352-0004 removed, cleanupLocalDirs = true
24/05/23 04:44:06 INFO Worker: Cleaning up local directories for application app-20240523044352-0004
24/05/23 04:46:04 INFO Worker: Asked to launch executor app-20240523044604-0005/0 for PSO with Spark
24/05/23 04:46:04 INFO SecurityManager: Changing view acls to: aaronmackenzie
24/05/23 04:46:04 INFO SecurityManager: Changing modify acls to: aaronmackenzie
24/05/23 04:46:04 INFO SecurityManager: Changing view acls groups to: 
24/05/23 04:46:04 INFO SecurityManager: Changing modify acls groups to: 
24/05/23 04:46:04 INFO SecurityManager: SecurityManager: authentication disabled; ui acls disabled; users with view permissions: aaronmackenzie; groups with view permissions: EMPTY; users with modify permissions: aaronmackenzie; groups with modify permissions: EMPTY
24/05/23 04:46:04 INFO ExecutorRunner: Launch command: "/Library/Internet Plug-Ins/JavaAppletPlugin.plugin/Contents/Home/bin/java" "-cp" "/opt/homebrew/Cellar/apache-spark/3.5.0/libexec/conf/:/opt/homebrew/Cellar/apache-spark/3.5.0/libexec/jars/*" "-Xmx1024M" "-Dspark.driver.port=55951" "-Djava.net.preferIPv6Addresses=false" "-XX:+IgnoreUnrecognizedVMOptions" "--add-opens=java.base/java.lang=ALL-UNNAMED" "--add-opens=java.base/java.lang.invoke=ALL-UNNAMED" "--add-opens=java.base/java.lang.reflect=ALL-UNNAMED" "--add-opens=java.base/java.io=ALL-UNNAMED" "--add-opens=java.base/java.net=ALL-UNNAMED" "--add-opens=java.base/java.nio=ALL-UNNAMED" "--add-opens=java.base/java.util=ALL-UNNAMED" "--add-opens=java.base/java.util.concurrent=ALL-UNNAMED" "--add-opens=java.base/java.util.concurrent.atomic=ALL-UNNAMED" "--add-opens=java.base/sun.nio.ch=ALL-UNNAMED" "--add-opens=java.base/sun.nio.cs=ALL-UNNAMED" "--add-opens=java.base/sun.security.action=ALL-UNNAMED" "--add-opens=java.base/sun.util.calendar=ALL-UNNAMED" "--add-opens=java.security.jgss/sun.security.krb5=ALL-UNNAMED" "-Djdk.reflect.useDirectMethodHandle=false" "org.apache.spark.executor.CoarseGrainedExecutorBackend" "--driver-url" "spark://CoarseGrainedScheduler@aarons-mbp-2:55951" "--executor-id" "0" "--hostname" "192.168.1.105" "--cores" "8" "--app-id" "app-20240523044604-0005" "--worker-url" "spark://Worker@192.168.1.105:55785" "--resourceProfileId" "0"
24/05/23 04:46:18 INFO Worker: Asked to kill executor app-20240523044604-0005/0
24/05/23 04:46:18 INFO ExecutorRunner: Runner thread for executor app-20240523044604-0005/0 interrupted
24/05/23 04:46:18 INFO ExecutorRunner: Killing process!
24/05/23 04:46:19 INFO Worker: Executor app-20240523044604-0005/0 finished with state KILLED exitStatus 143
24/05/23 04:46:19 INFO ExternalShuffleBlockResolver: Clean up non-shuffle and non-RDD files associated with the finished executor 0
24/05/23 04:46:19 INFO ExternalShuffleBlockResolver: Executor is not registered (appId=app-20240523044604-0005, execId=0)
24/05/23 04:46:19 INFO ExternalShuffleBlockResolver: Application app-20240523044604-0005 removed, cleanupLocalDirs = true
24/05/23 04:46:19 INFO Worker: Cleaning up local directories for application app-20240523044604-0005
24/05/23 04:49:29 INFO Worker: Asked to launch executor app-20240523044929-0006/0 for PSO with Spark
24/05/23 04:49:29 INFO SecurityManager: Changing view acls to: aaronmackenzie
24/05/23 04:49:29 INFO SecurityManager: Changing modify acls to: aaronmackenzie
24/05/23 04:49:29 INFO SecurityManager: Changing view acls groups to: 
24/05/23 04:49:29 INFO SecurityManager: Changing modify acls groups to: 
24/05/23 04:49:29 INFO SecurityManager: SecurityManager: authentication disabled; ui acls disabled; users with view permissions: aaronmackenzie; groups with view permissions: EMPTY; users with modify permissions: aaronmackenzie; groups with modify permissions: EMPTY
24/05/23 04:49:29 INFO ExecutorRunner: Launch command: "/Library/Internet Plug-Ins/JavaAppletPlugin.plugin/Contents/Home/bin/java" "-cp" "/opt/homebrew/Cellar/apache-spark/3.5.0/libexec/conf/:/opt/homebrew/Cellar/apache-spark/3.5.0/libexec/jars/*" "-Xmx1024M" "-Dspark.driver.port=55988" "-Djava.net.preferIPv6Addresses=false" "-XX:+IgnoreUnrecognizedVMOptions" "--add-opens=java.base/java.lang=ALL-UNNAMED" "--add-opens=java.base/java.lang.invoke=ALL-UNNAMED" "--add-opens=java.base/java.lang.reflect=ALL-UNNAMED" "--add-opens=java.base/java.io=ALL-UNNAMED" "--add-opens=java.base/java.net=ALL-UNNAMED" "--add-opens=java.base/java.nio=ALL-UNNAMED" "--add-opens=java.base/java.util=ALL-UNNAMED" "--add-opens=java.base/java.util.concurrent=ALL-UNNAMED" "--add-opens=java.base/java.util.concurrent.atomic=ALL-UNNAMED" "--add-opens=java.base/sun.nio.ch=ALL-UNNAMED" "--add-opens=java.base/sun.nio.cs=ALL-UNNAMED" "--add-opens=java.base/sun.security.action=ALL-UNNAMED" "--add-opens=java.base/sun.util.calendar=ALL-UNNAMED" "--add-opens=java.security.jgss/sun.security.krb5=ALL-UNNAMED" "-Djdk.reflect.useDirectMethodHandle=false" "org.apache.spark.executor.CoarseGrainedExecutorBackend" "--driver-url" "spark://CoarseGrainedScheduler@aarons-mbp-2:55988" "--executor-id" "0" "--hostname" "192.168.1.105" "--cores" "8" "--app-id" "app-20240523044929-0006" "--worker-url" "spark://Worker@192.168.1.105:55785" "--resourceProfileId" "0"
24/05/23 04:49:43 INFO Worker: Asked to kill executor app-20240523044929-0006/0
24/05/23 04:49:43 INFO ExecutorRunner: Runner thread for executor app-20240523044929-0006/0 interrupted
24/05/23 04:49:43 INFO ExecutorRunner: Killing process!
24/05/23 04:49:43 INFO Worker: Executor app-20240523044929-0006/0 finished with state KILLED exitStatus 143
24/05/23 04:49:43 INFO ExternalShuffleBlockResolver: Clean up non-shuffle and non-RDD files associated with the finished executor 0
24/05/23 04:49:43 INFO ExternalShuffleBlockResolver: Executor is not registered (appId=app-20240523044929-0006, execId=0)
24/05/23 04:49:43 INFO ExternalShuffleBlockResolver: Application app-20240523044929-0006 removed, cleanupLocalDirs = true
24/05/23 04:49:43 INFO Worker: Cleaning up local directories for application app-20240523044929-0006
24/05/23 05:05:05 INFO Worker: Master with url spark://localhost:7077 requested this worker to reconnect.
24/05/23 05:05:05 INFO Worker: Connecting to master localhost:7077...
24/05/23 05:05:05 INFO Worker: Successfully registered with master spark://localhost:7077
24/05/23 05:12:19 INFO Worker: Asked to launch executor app-20240523051219-0007/0 for PSO with Spark
24/05/23 05:12:19 INFO SecurityManager: Changing view acls to: aaronmackenzie
24/05/23 05:12:20 INFO SecurityManager: Changing modify acls to: aaronmackenzie
24/05/23 05:12:20 INFO SecurityManager: Changing view acls groups to: 
24/05/23 05:12:20 INFO SecurityManager: Changing modify acls groups to: 
24/05/23 05:12:20 INFO SecurityManager: SecurityManager: authentication disabled; ui acls disabled; users with view permissions: aaronmackenzie; groups with view permissions: EMPTY; users with modify permissions: aaronmackenzie; groups with modify permissions: EMPTY
24/05/23 05:12:20 INFO ExecutorRunner: Launch command: "/Library/Internet Plug-Ins/JavaAppletPlugin.plugin/Contents/Home/bin/java" "-cp" "/opt/homebrew/Cellar/apache-spark/3.5.0/libexec/conf/:/opt/homebrew/Cellar/apache-spark/3.5.0/libexec/jars/*" "-Xmx1024M" "-Dspark.driver.port=56046" "-Djava.net.preferIPv6Addresses=false" "-XX:+IgnoreUnrecognizedVMOptions" "--add-opens=java.base/java.lang=ALL-UNNAMED" "--add-opens=java.base/java.lang.invoke=ALL-UNNAMED" "--add-opens=java.base/java.lang.reflect=ALL-UNNAMED" "--add-opens=java.base/java.io=ALL-UNNAMED" "--add-opens=java.base/java.net=ALL-UNNAMED" "--add-opens=java.base/java.nio=ALL-UNNAMED" "--add-opens=java.base/java.util=ALL-UNNAMED" "--add-opens=java.base/java.util.concurrent=ALL-UNNAMED" "--add-opens=java.base/java.util.concurrent.atomic=ALL-UNNAMED" "--add-opens=java.base/sun.nio.ch=ALL-UNNAMED" "--add-opens=java.base/sun.nio.cs=ALL-UNNAMED" "--add-opens=java.base/sun.security.action=ALL-UNNAMED" "--add-opens=java.base/sun.util.calendar=ALL-UNNAMED" "--add-opens=java.security.jgss/sun.security.krb5=ALL-UNNAMED" "-Djdk.reflect.useDirectMethodHandle=false" "org.apache.spark.executor.CoarseGrainedExecutorBackend" "--driver-url" "spark://CoarseGrainedScheduler@aarons-mbp-2:56046" "--executor-id" "0" "--hostname" "192.168.1.105" "--cores" "8" "--app-id" "app-20240523051219-0007" "--worker-url" "spark://Worker@192.168.1.105:55785" "--resourceProfileId" "0"
24/05/23 05:12:34 INFO Worker: Asked to kill executor app-20240523051219-0007/0
24/05/23 05:12:34 INFO ExecutorRunner: Runner thread for executor app-20240523051219-0007/0 interrupted
24/05/23 05:12:34 INFO ExecutorRunner: Killing process!
24/05/23 05:12:34 INFO Worker: Executor app-20240523051219-0007/0 finished with state KILLED exitStatus 143
24/05/23 05:12:34 INFO ExternalShuffleBlockResolver: Clean up non-shuffle and non-RDD files associated with the finished executor 0
24/05/23 05:12:34 INFO ExternalShuffleBlockResolver: Executor is not registered (appId=app-20240523051219-0007, execId=0)
24/05/23 05:12:34 INFO ExternalShuffleBlockResolver: Application app-20240523051219-0007 removed, cleanupLocalDirs = true
24/05/23 05:12:34 INFO Worker: Cleaning up local directories for application app-20240523051219-0007
24/05/23 05:14:20 INFO Worker: Asked to launch executor app-20240523051420-0008/0 for PSO with Spark
24/05/23 05:14:20 INFO SecurityManager: Changing view acls to: aaronmackenzie
24/05/23 05:14:20 INFO SecurityManager: Changing modify acls to: aaronmackenzie
24/05/23 05:14:20 INFO SecurityManager: Changing view acls groups to: 
24/05/23 05:14:20 INFO SecurityManager: Changing modify acls groups to: 
24/05/23 05:14:20 INFO SecurityManager: SecurityManager: authentication disabled; ui acls disabled; users with view permissions: aaronmackenzie; groups with view permissions: EMPTY; users with modify permissions: aaronmackenzie; groups with modify permissions: EMPTY
24/05/23 05:14:20 INFO ExecutorRunner: Launch command: "/Library/Internet Plug-Ins/JavaAppletPlugin.plugin/Contents/Home/bin/java" "-cp" "/opt/homebrew/Cellar/apache-spark/3.5.0/libexec/conf/:/opt/homebrew/Cellar/apache-spark/3.5.0/libexec/jars/*" "-Xmx1024M" "-Dspark.driver.port=56078" "-Djava.net.preferIPv6Addresses=false" "-XX:+IgnoreUnrecognizedVMOptions" "--add-opens=java.base/java.lang=ALL-UNNAMED" "--add-opens=java.base/java.lang.invoke=ALL-UNNAMED" "--add-opens=java.base/java.lang.reflect=ALL-UNNAMED" "--add-opens=java.base/java.io=ALL-UNNAMED" "--add-opens=java.base/java.net=ALL-UNNAMED" "--add-opens=java.base/java.nio=ALL-UNNAMED" "--add-opens=java.base/java.util=ALL-UNNAMED" "--add-opens=java.base/java.util.concurrent=ALL-UNNAMED" "--add-opens=java.base/java.util.concurrent.atomic=ALL-UNNAMED" "--add-opens=java.base/sun.nio.ch=ALL-UNNAMED" "--add-opens=java.base/sun.nio.cs=ALL-UNNAMED" "--add-opens=java.base/sun.security.action=ALL-UNNAMED" "--add-opens=java.base/sun.util.calendar=ALL-UNNAMED" "--add-opens=java.security.jgss/sun.security.krb5=ALL-UNNAMED" "-Djdk.reflect.useDirectMethodHandle=false" "org.apache.spark.executor.CoarseGrainedExecutorBackend" "--driver-url" "spark://CoarseGrainedScheduler@aarons-mbp-2:56078" "--executor-id" "0" "--hostname" "192.168.1.105" "--cores" "8" "--app-id" "app-20240523051420-0008" "--worker-url" "spark://Worker@192.168.1.105:55785" "--resourceProfileId" "0"
24/05/23 05:14:33 INFO Worker: Asked to kill executor app-20240523051420-0008/0
24/05/23 05:14:33 INFO ExecutorRunner: Runner thread for executor app-20240523051420-0008/0 interrupted
24/05/23 05:14:33 INFO ExecutorRunner: Killing process!
24/05/23 05:14:33 INFO Worker: Executor app-20240523051420-0008/0 finished with state KILLED exitStatus 143
24/05/23 05:14:33 INFO ExternalShuffleBlockResolver: Clean up non-shuffle and non-RDD files associated with the finished executor 0
24/05/23 05:14:33 INFO ExternalShuffleBlockResolver: Executor is not registered (appId=app-20240523051420-0008, execId=0)
24/05/23 05:14:33 INFO ExternalShuffleBlockResolver: Application app-20240523051420-0008 removed, cleanupLocalDirs = true
24/05/23 05:14:33 INFO Worker: Cleaning up local directories for application app-20240523051420-0008
24/05/23 05:46:02 INFO Worker: Asked to launch executor app-20240523054601-0009/0 for PSO with Spark
24/05/23 05:46:02 INFO SecurityManager: Changing view acls to: aaronmackenzie
24/05/23 05:46:02 INFO SecurityManager: Changing modify acls to: aaronmackenzie
24/05/23 05:46:02 INFO SecurityManager: Changing view acls groups to: 
24/05/23 05:46:02 INFO SecurityManager: Changing modify acls groups to: 
24/05/23 05:46:02 INFO SecurityManager: SecurityManager: authentication disabled; ui acls disabled; users with view permissions: aaronmackenzie; groups with view permissions: EMPTY; users with modify permissions: aaronmackenzie; groups with modify permissions: EMPTY
24/05/23 05:46:02 INFO ExecutorRunner: Launch command: "/Library/Internet Plug-Ins/JavaAppletPlugin.plugin/Contents/Home/bin/java" "-cp" "/opt/homebrew/Cellar/apache-spark/3.5.0/libexec/conf/:/opt/homebrew/Cellar/apache-spark/3.5.0/libexec/jars/*" "-Xmx1024M" "-Dspark.driver.port=56135" "-Djava.net.preferIPv6Addresses=false" "-XX:+IgnoreUnrecognizedVMOptions" "--add-opens=java.base/java.lang=ALL-UNNAMED" "--add-opens=java.base/java.lang.invoke=ALL-UNNAMED" "--add-opens=java.base/java.lang.reflect=ALL-UNNAMED" "--add-opens=java.base/java.io=ALL-UNNAMED" "--add-opens=java.base/java.net=ALL-UNNAMED" "--add-opens=java.base/java.nio=ALL-UNNAMED" "--add-opens=java.base/java.util=ALL-UNNAMED" "--add-opens=java.base/java.util.concurrent=ALL-UNNAMED" "--add-opens=java.base/java.util.concurrent.atomic=ALL-UNNAMED" "--add-opens=java.base/sun.nio.ch=ALL-UNNAMED" "--add-opens=java.base/sun.nio.cs=ALL-UNNAMED" "--add-opens=java.base/sun.security.action=ALL-UNNAMED" "--add-opens=java.base/sun.util.calendar=ALL-UNNAMED" "--add-opens=java.security.jgss/sun.security.krb5=ALL-UNNAMED" "-Djdk.reflect.useDirectMethodHandle=false" "org.apache.spark.executor.CoarseGrainedExecutorBackend" "--driver-url" "spark://CoarseGrainedScheduler@aarons-mbp-2:56135" "--executor-id" "0" "--hostname" "192.168.1.105" "--cores" "8" "--app-id" "app-20240523054601-0009" "--worker-url" "spark://Worker@192.168.1.105:55785" "--resourceProfileId" "0"
24/05/23 05:46:16 INFO Worker: Asked to kill executor app-20240523054601-0009/0
24/05/23 05:46:16 INFO ExecutorRunner: Runner thread for executor app-20240523054601-0009/0 interrupted
24/05/23 05:46:16 INFO ExecutorRunner: Killing process!
24/05/23 05:46:16 INFO Worker: Executor app-20240523054601-0009/0 finished with state KILLED exitStatus 143
24/05/23 05:46:16 INFO ExternalShuffleBlockResolver: Clean up non-shuffle and non-RDD files associated with the finished executor 0
24/05/23 05:46:16 INFO ExternalShuffleBlockResolver: Executor is not registered (appId=app-20240523054601-0009, execId=0)
24/05/23 05:46:16 INFO ExternalShuffleBlockResolver: Application app-20240523054601-0009 removed, cleanupLocalDirs = true
24/05/23 05:46:16 INFO Worker: Cleaning up local directories for application app-20240523054601-0009
24/05/23 07:59:22 INFO Worker: Master with url spark://localhost:7077 requested this worker to reconnect.
24/05/23 07:59:22 INFO Worker: Connecting to master localhost:7077...
24/05/23 07:59:22 INFO Worker: Successfully registered with master spark://localhost:7077
24/05/23 09:33:33 INFO Worker: Master with url spark://localhost:7077 requested this worker to reconnect.
24/05/23 09:33:33 INFO Worker: Connecting to master localhost:7077...
24/05/23 09:33:33 INFO Worker: Successfully registered with master spark://localhost:7077
24/05/23 11:31:46 INFO Worker: localhost:7077 Disassociated !
24/05/23 11:31:46 ERROR Worker: Connection to master failed! Waiting for master to reconnect...
24/05/23 11:31:46 INFO Worker: localhost:7077 Disassociated !
24/05/23 11:31:46 ERROR Worker: Connection to master failed! Waiting for master to reconnect...
24/05/23 11:31:46 INFO Worker: Connecting to master localhost:7077...
24/05/23 11:31:46 INFO Worker: Not spawning another attempt to register with the master, since there is an attempt scheduled already.
24/05/23 11:31:46 INFO TransportClientFactory: Found inactive connection to localhost/127.0.0.1:7077, creating a new one.
24/05/23 11:31:46 WARN Worker: Failed to connect to master localhost:7077
org.apache.spark.SparkException: Exception thrown in awaitResult: 
	at org.apache.spark.util.SparkThreadUtils$.awaitResult(SparkThreadUtils.scala:56)
	at org.apache.spark.util.ThreadUtils$.awaitResult(ThreadUtils.scala:310)
	at org.apache.spark.rpc.RpcTimeout.awaitResult(RpcTimeout.scala:75)
	at org.apache.spark.rpc.RpcEnv.setupEndpointRefByURI(RpcEnv.scala:102)
	at org.apache.spark.rpc.RpcEnv.setupEndpointRef(RpcEnv.scala:110)
	at org.apache.spark.deploy.worker.Worker$$anon$1.run(Worker.scala:313)
	at java.util.concurrent.Executors$RunnableAdapter.call(Executors.java:511)
	at java.util.concurrent.FutureTask.run(FutureTask.java:266)
	at java.util.concurrent.ThreadPoolExecutor.runWorker(ThreadPoolExecutor.java:1149)
	at java.util.concurrent.ThreadPoolExecutor$Worker.run(ThreadPoolExecutor.java:624)
	at java.lang.Thread.run(Thread.java:750)
Caused by: java.io.IOException: Failed to connect to localhost/127.0.0.1:7077
	at org.apache.spark.network.client.TransportClientFactory.createClient(TransportClientFactory.java:294)
	at org.apache.spark.network.client.TransportClientFactory.createClient(TransportClientFactory.java:214)
	at org.apache.spark.network.client.TransportClientFactory.createClient(TransportClientFactory.java:226)
	at org.apache.spark.rpc.netty.NettyRpcEnv.createClient(NettyRpcEnv.scala:204)
	at org.apache.spark.rpc.netty.Outbox$$anon$1.call(Outbox.scala:202)
	at org.apache.spark.rpc.netty.Outbox$$anon$1.call(Outbox.scala:198)
	... 4 more
Caused by: io.netty.channel.AbstractChannel$AnnotatedConnectException: Connection refused: localhost/127.0.0.1:7077
Caused by: java.net.ConnectException: Connection refused
	at sun.nio.ch.SocketChannelImpl.checkConnect(Native Method)
	at sun.nio.ch.SocketChannelImpl.finishConnect(SocketChannelImpl.java:715)
	at io.netty.channel.socket.nio.NioSocketChannel.doFinishConnect(NioSocketChannel.java:337)
	at io.netty.channel.nio.AbstractNioChannel$AbstractNioUnsafe.finishConnect(AbstractNioChannel.java:334)
	at io.netty.channel.nio.NioEventLoop.processSelectedKey(NioEventLoop.java:776)
	at io.netty.channel.nio.NioEventLoop.processSelectedKeysOptimized(NioEventLoop.java:724)
	at io.netty.channel.nio.NioEventLoop.processSelectedKeys(NioEventLoop.java:650)
	at io.netty.channel.nio.NioEventLoop.run(NioEventLoop.java:562)
	at io.netty.util.concurrent.SingleThreadEventExecutor$4.run(SingleThreadEventExecutor.java:997)
	at io.netty.util.internal.ThreadExecutorMap$2.run(ThreadExecutorMap.java:74)
	at io.netty.util.concurrent.FastThreadLocalRunnable.run(FastThreadLocalRunnable.java:30)
	at java.lang.Thread.run(Thread.java:750)
24/05/23 11:31:59 INFO Worker: Retrying connection to master (attempt # 1)
24/05/23 11:31:59 INFO Worker: Connecting to master localhost:7077...
24/05/23 11:31:59 INFO TransportClientFactory: Found inactive connection to localhost/127.0.0.1:7077, creating a new one.
24/05/23 11:31:59 WARN Worker: Failed to connect to master localhost:7077
org.apache.spark.SparkException: Exception thrown in awaitResult: 
	at org.apache.spark.util.SparkThreadUtils$.awaitResult(SparkThreadUtils.scala:56)
	at org.apache.spark.util.ThreadUtils$.awaitResult(ThreadUtils.scala:310)
	at org.apache.spark.rpc.RpcTimeout.awaitResult(RpcTimeout.scala:75)
	at org.apache.spark.rpc.RpcEnv.setupEndpointRefByURI(RpcEnv.scala:102)
	at org.apache.spark.rpc.RpcEnv.setupEndpointRef(RpcEnv.scala:110)
	at org.apache.spark.deploy.worker.Worker$$anon$2.run(Worker.scala:370)
	at java.util.concurrent.Executors$RunnableAdapter.call(Executors.java:511)
	at java.util.concurrent.FutureTask.run(FutureTask.java:266)
	at java.util.concurrent.ThreadPoolExecutor.runWorker(ThreadPoolExecutor.java:1149)
	at java.util.concurrent.ThreadPoolExecutor$Worker.run(ThreadPoolExecutor.java:624)
	at java.lang.Thread.run(Thread.java:750)
Caused by: java.io.IOException: Failed to connect to localhost/127.0.0.1:7077
	at org.apache.spark.network.client.TransportClientFactory.createClient(TransportClientFactory.java:294)
	at org.apache.spark.network.client.TransportClientFactory.createClient(TransportClientFactory.java:214)
	at org.apache.spark.network.client.TransportClientFactory.createClient(TransportClientFactory.java:226)
	at org.apache.spark.rpc.netty.NettyRpcEnv.createClient(NettyRpcEnv.scala:204)
	at org.apache.spark.rpc.netty.Outbox$$anon$1.call(Outbox.scala:202)
	at org.apache.spark.rpc.netty.Outbox$$anon$1.call(Outbox.scala:198)
	... 4 more
Caused by: io.netty.channel.AbstractChannel$AnnotatedConnectException: Connection refused: localhost/127.0.0.1:7077
Caused by: java.net.ConnectException: Connection refused
	at sun.nio.ch.SocketChannelImpl.checkConnect(Native Method)
	at sun.nio.ch.SocketChannelImpl.finishConnect(SocketChannelImpl.java:715)
	at io.netty.channel.socket.nio.NioSocketChannel.doFinishConnect(NioSocketChannel.java:337)
	at io.netty.channel.nio.AbstractNioChannel$AbstractNioUnsafe.finishConnect(AbstractNioChannel.java:334)
	at io.netty.channel.nio.NioEventLoop.processSelectedKey(NioEventLoop.java:776)
	at io.netty.channel.nio.NioEventLoop.processSelectedKeysOptimized(NioEventLoop.java:724)
	at io.netty.channel.nio.NioEventLoop.processSelectedKeys(NioEventLoop.java:650)
	at io.netty.channel.nio.NioEventLoop.run(NioEventLoop.java:562)
	at io.netty.util.concurrent.SingleThreadEventExecutor$4.run(SingleThreadEventExecutor.java:997)
	at io.netty.util.internal.ThreadExecutorMap$2.run(ThreadExecutorMap.java:74)
	at io.netty.util.concurrent.FastThreadLocalRunnable.run(FastThreadLocalRunnable.java:30)
	at java.lang.Thread.run(Thread.java:750)
24/05/23 11:32:09 ERROR Worker: RECEIVED SIGNAL TERM
24/05/23 11:32:09 INFO ShutdownHookManager: Shutdown hook called
24/05/23 11:32:09 INFO ShutdownHookManager: Deleting directory /private/var/folders/rh/d6ltsplj4f94dtzy8y9sz6lr0000gn/T/spark-db593f16-3c03-4783-86ed-23b1ad604da8
