Spark Command: /Library/Java/JavaVirtualMachines/jdk-14.0.1.jdk/Contents/Home/bin/java -cp /Users/dahlink/Desktop/NDSU/apache-spark/3.5.0/libexec/conf/:/Users/dahlink/Desktop/NDSU/apache-spark/3.5.0/libexec/jars/* -Xmx1g org.apache.spark.deploy.worker.Worker --webui-port 8081 spark://localhost:7077
========================================
Using Spark's default log4j profile: org/apache/spark/log4j2-defaults.properties
24/05/24 09:49:32 INFO Worker: Started daemon with process name: 84882@dyn134-200.wireless-1725.ndsu.NoDak.edu
24/05/24 09:49:33 INFO SignalUtils: Registering signal handler for TERM
24/05/24 09:49:33 INFO SignalUtils: Registering signal handler for HUP
24/05/24 09:49:33 INFO SignalUtils: Registering signal handler for INT
24/05/24 09:49:33 WARN NativeCodeLoader: Unable to load native-hadoop library for your platform... using builtin-java classes where applicable
24/05/24 09:49:34 INFO SecurityManager: Changing view acls to: dahlink
24/05/24 09:49:34 INFO SecurityManager: Changing modify acls to: dahlink
24/05/24 09:49:34 INFO SecurityManager: Changing view acls groups to: 
24/05/24 09:49:34 INFO SecurityManager: Changing modify acls groups to: 
24/05/24 09:49:34 INFO SecurityManager: SecurityManager: authentication disabled; ui acls disabled; users with view permissions: dahlink; groups with view permissions: EMPTY; users with modify permissions: dahlink; groups with modify permissions: EMPTY
24/05/24 09:49:34 INFO Utils: Successfully started service 'sparkWorker' on port 51453.
24/05/24 09:49:34 INFO Worker: Worker decommissioning not enabled.
24/05/24 09:49:35 INFO Worker: Starting Spark worker 172.25.134.200:51453 with 4 cores, 7.0 GiB RAM
24/05/24 09:49:35 INFO Worker: Running Spark version 3.5.0
24/05/24 09:49:35 INFO Worker: Spark home: /Users/dahlink/Desktop/NDSU/apache-spark/3.5.0/libexec
24/05/24 09:49:35 INFO ResourceUtils: ==============================================================
24/05/24 09:49:35 INFO ResourceUtils: No custom resources configured for spark.worker.
24/05/24 09:49:35 INFO ResourceUtils: ==============================================================
24/05/24 09:49:35 INFO JettyUtils: Start Jetty 0.0.0.0:8081 for WorkerUI
24/05/24 09:49:35 INFO Utils: Successfully started service 'WorkerUI' on port 8081.
24/05/24 09:49:36 INFO WorkerWebUI: Bound WorkerWebUI to 0.0.0.0, and started at http://dyn134-200.wireless-1725.ndsu.nodak.edu:8081
24/05/24 09:49:36 INFO Worker: Connecting to master localhost:7077...
24/05/24 09:49:36 INFO TransportClientFactory: Successfully created connection to localhost/127.0.0.1:7077 after 61 ms (0 ms spent in bootstraps)
24/05/24 09:49:36 INFO Worker: Successfully registered with master spark://localhost:7077
