Spark Command: /Library/Internet Plug-Ins/JavaAppletPlugin.plugin/Contents/Home/bin/java -cp /opt/homebrew/Cellar/apache-spark/3.5.0/libexec/conf/:/opt/homebrew/Cellar/apache-spark/3.5.0/libexec/jars/* -Xmx1g org.apache.spark.deploy.worker.Worker --webui-port 8082 spark://localhost:7077
========================================
Using Spark's default log4j profile: org/apache/spark/log4j2-defaults.properties
24/03/11 03:50:10 INFO Worker: Started daemon with process name: 46667@Aarons-MBP
24/03/11 03:50:10 INFO SignalUtils: Registering signal handler for TERM
24/03/11 03:50:10 INFO SignalUtils: Registering signal handler for HUP
24/03/11 03:50:10 INFO SignalUtils: Registering signal handler for INT
24/03/11 03:50:10 WARN NativeCodeLoader: Unable to load native-hadoop library for your platform... using builtin-java classes where applicable
24/03/11 03:50:11 INFO SecurityManager: Changing view acls to: aaronmackenzie
24/03/11 03:50:11 INFO SecurityManager: Changing modify acls to: aaronmackenzie
24/03/11 03:50:11 INFO SecurityManager: Changing view acls groups to: 
24/03/11 03:50:11 INFO SecurityManager: Changing modify acls groups to: 
24/03/11 03:50:11 INFO SecurityManager: SecurityManager: authentication disabled; ui acls disabled; users with view permissions: aaronmackenzie; groups with view permissions: EMPTY; users with modify permissions: aaronmackenzie; groups with modify permissions: EMPTY
24/03/11 03:50:11 INFO Utils: Successfully started service 'sparkWorker' on port 54339.
24/03/11 03:50:11 INFO Worker: Worker decommissioning not enabled.
24/03/11 03:50:11 INFO Worker: Starting Spark worker 192.168.1.105:54339 with 8 cores, 7.0 GiB RAM
24/03/11 03:50:11 INFO Worker: Running Spark version 3.5.0
24/03/11 03:50:11 INFO Worker: Spark home: /opt/homebrew/Cellar/apache-spark/3.5.0/libexec
24/03/11 03:50:11 INFO ResourceUtils: ==============================================================
24/03/11 03:50:11 INFO ResourceUtils: No custom resources configured for spark.worker.
24/03/11 03:50:11 INFO ResourceUtils: ==============================================================
24/03/11 03:50:11 INFO JettyUtils: Start Jetty 0.0.0.0:8082 for WorkerUI
24/03/11 03:50:11 INFO Utils: Successfully started service 'WorkerUI' on port 8082.
24/03/11 03:50:11 INFO WorkerWebUI: Bound WorkerWebUI to 0.0.0.0, and started at http://aarons-mbp:8082
24/03/11 03:50:11 INFO Worker: Connecting to master localhost:7077...
24/03/11 03:50:12 INFO TransportClientFactory: Successfully created connection to localhost/127.0.0.1:7077 after 44 ms (0 ms spent in bootstraps)
24/03/11 03:50:12 INFO Worker: Successfully registered with master spark://localhost:7077
24/03/11 03:50:44 ERROR Worker: RECEIVED SIGNAL TERM
