Spark Command: /Library/Internet Plug-Ins/JavaAppletPlugin.plugin/Contents/Home/bin/java -cp /opt/homebrew/Cellar/apache-spark/3.5.0/libexec/conf/:/opt/homebrew/Cellar/apache-spark/3.5.0/libexec/jars/* -Xmx1g org.apache.spark.deploy.worker.Worker --webui-port 8086 spark://localhost:7077
========================================
Using Spark's default log4j profile: org/apache/spark/log4j2-defaults.properties
24/05/23 11:34:25 INFO Worker: Started daemon with process name: 87281@dyn230-001.wireless-1725.ndsu.NoDak.edu
24/05/23 11:34:25 INFO SignalUtils: Registering signal handler for TERM
24/05/23 11:34:25 INFO SignalUtils: Registering signal handler for HUP
24/05/23 11:34:25 INFO SignalUtils: Registering signal handler for INT
24/05/23 11:34:26 WARN NativeCodeLoader: Unable to load native-hadoop library for your platform... using builtin-java classes where applicable
24/05/23 11:34:26 INFO SecurityManager: Changing view acls to: aaronmackenzie
24/05/23 11:34:26 INFO SecurityManager: Changing modify acls to: aaronmackenzie
24/05/23 11:34:26 INFO SecurityManager: Changing view acls groups to: 
24/05/23 11:34:26 INFO SecurityManager: Changing modify acls groups to: 
24/05/23 11:34:26 INFO SecurityManager: SecurityManager: authentication disabled; ui acls disabled; users with view permissions: aaronmackenzie; groups with view permissions: EMPTY; users with modify permissions: aaronmackenzie; groups with modify permissions: EMPTY
24/05/23 11:34:26 INFO Utils: Successfully started service 'sparkWorker' on port 56385.
24/05/23 11:34:26 INFO Worker: Worker decommissioning not enabled.
24/05/23 11:34:26 INFO Worker: Starting Spark worker 172.25.230.1:56385 with 8 cores, 7.0 GiB RAM
24/05/23 11:34:26 INFO Worker: Running Spark version 3.5.0
24/05/23 11:34:26 INFO Worker: Spark home: /opt/homebrew/Cellar/apache-spark/3.5.0/libexec
24/05/23 11:34:26 INFO ResourceUtils: ==============================================================
24/05/23 11:34:26 INFO ResourceUtils: No custom resources configured for spark.worker.
24/05/23 11:34:26 INFO ResourceUtils: ==============================================================
24/05/23 11:34:26 INFO JettyUtils: Start Jetty 0.0.0.0:8086 for WorkerUI
24/05/23 11:34:26 INFO Utils: Successfully started service 'WorkerUI' on port 8086.
24/05/23 11:34:26 INFO WorkerWebUI: Bound WorkerWebUI to 0.0.0.0, and started at http://dyn230-001.wireless-1725.ndsu.nodak.edu:8086
24/05/23 11:34:26 INFO Worker: Connecting to master localhost:7077...
24/05/23 11:34:26 INFO TransportClientFactory: Successfully created connection to localhost/127.0.0.1:7077 after 40 ms (0 ms spent in bootstraps)
24/05/23 11:34:27 INFO Worker: Successfully registered with master spark://localhost:7077
